

Microchip MPLAB XC8 Assembler V2.10 build 88905656 
                                                                                               Thu Nov 28 13:20:57 2019

Microchip MPLAB XC8 C Compiler v2.10 (Free license) build 20190730164152 Og1 
     1                           	processor	18F4550
     2                           	fnconf	rparam,??,?,0
     3                           	opt	pw 120
     4                           	opt	flic
     5                           	psect	nvCOMRAM,global,class=COMRAM,space=1,delta=1,noexec
     6                           	psect	cinit,global,reloc=2,class=CODE,delta=1
     7                           	psect	bssCOMRAM,global,class=COMRAM,space=1,delta=1,noexec
     8                           	psect	cstackCOMRAM,global,class=COMRAM,space=1,delta=1,noexec
     9                           	psect	text0,global,reloc=2,class=CODE,delta=1
    10                           	psect	text1,global,reloc=2,class=CODE,delta=1
    11                           	psect	text2,global,reloc=2,class=CODE,delta=1
    12                           	psect	text3,global,reloc=2,class=CODE,delta=1
    13                           	psect	text4,global,reloc=2,class=CODE,delta=1
    14                           	psect	text5,global,reloc=2,class=CODE,delta=1
    15                           	psect	intsave_regs,global,class=BIGRAM,space=1,delta=1,noexec
    16                           	psect	rparam,global,class=COMRAM,space=1,delta=1,noexec
    17  0000                     
    18                           ; Version 2.10
    19                           ; Generated 31/07/2019 GMT
    20                           ; 
    21                           ; Copyright © 2019, Microchip Technology Inc. and its subsidiaries ("Microchip")
    22                           ; All rights reserved.
    23                           ; 
    24                           ; This software is developed by Microchip Technology Inc. and its subsidiaries ("Microch
      +                          ip").
    25                           ; 
    26                           ; Redistribution and use in source and binary forms, with or without modification, are
    27                           ; permitted provided that the following conditions are met:
    28                           ; 
    29                           ;     1. Redistributions of source code must retain the above copyright notice, this lis
      +                          t of
    30                           ;        conditions and the following disclaimer.
    31                           ; 
    32                           ;     2. Redistributions in binary form must reproduce the above copyright notice, this 
      +                          list
    33                           ;        of conditions and the following disclaimer in the documentation and/or other
    34                           ;        materials provided with the distribution.
    35                           ; 
    36                           ;     3. Microchip's name may not be used to endorse or promote products derived from th
      +                          is
    37                           ;        software without specific prior written permission.
    38                           ; 
    39                           ; THIS SOFTWARE IS PROVIDED BY MICROCHIP "AS IS" AND ANY EXPRESS OR IMPLIED WARRANTIES,
    40                           ; INCLUDING, BUT NOT LIMITED TO, THE IMPLIED WARRANTIES OF MERCHANTABILITY AND FITNESS F
      +                          OR
    41                           ; PURPOSE ARE DISCLAIMED.  IN NO EVENT SHALL MICROCHIP BE LIABLE FOR ANY DIRECT, INDIREC
      +                          T,
    42                           ; INCIDENTAL, SPECIAL, EXEMPLARY, OR CONSEQUENTIAL DAMAGES (INCLUDING BUT NOT LIMITED TO
    43                           ; PROCUREMENT OF SUBSTITUTE GOODS OR SERVICES; LOSS OF USE, DATA OR PROFITS; OR BUSINESS
    44                           ; INTERRUPTION) HOWSOEVER CAUSED AND ON ANY THEORY OF LIABILITY, WHETHER IN CONTRACT, ST
      +                          RICT
    45                           ; LIABILITY, OR TORT (INCLUDING NEGLIGENCE OR OTHERWISE) ARISING IN ANY WAY OUT OF THE U
      +                          SE OF
    46                           ; THIS SOFTWARE, EVEN IF ADVISED OF THE POSSIBILITY OF SUCH DAMAGE.
    47                           ; 
    48                           ; 
    49                           ; Code-generator required, PIC18F4550 Definitions
    50                           ; 
    51                           ; SFR Addresses
    52  0000                     
    53                           	psect	nvCOMRAM
    54  00002A                     __pnvCOMRAM:
    55                           	opt callstack 0
    56  00002A                     _pasosRecorridos:
    57                           	opt callstack 0
    58  00002A                     	ds	2
    59  00002C                     _CoordRelatY:
    60                           	opt callstack 0
    61  00002C                     	ds	2
    62  00002E                     _CoordRelatX:
    63                           	opt callstack 0
    64  00002E                     	ds	2
    65  0000                     _PORTDbits	set	3971
    66  0000                     _TRISCbits	set	3988
    67  0000                     _TMR2	set	4044
    68  0000                     _T2CON	set	4042
    69  0000                     _CCPR2L	set	4027
    70  0000                     _CCP2CON	set	4026
    71  0000                     _CCPR1L	set	4030
    72  0000                     _CCP1CON	set	4029
    73  0000                     _PR2	set	4043
    74  0000                     _ADCON1	set	4033
    75  0000                     _CVRCONbits	set	4021
    76  0000                     _CMCON	set	4020
    77  0000                     _OSCCON	set	4051
    78  0000                     _PORTCbits	set	3970
    79  0000                     _TMR2ON	set	32338
    80  0000                     _TRISC2	set	31906
    81  0000                     _TRISC1	set	31905
    82                           
    83                           ; #config settings
    84  0000                     
    85                           	psect	cinit
    86  007E3C                     __pcinit:
    87                           	opt callstack 0
    88  007E3C                     start_initialization:
    89                           	opt callstack 0
    90  007E3C                     __initialization:
    91                           	opt callstack 0
    92                           
    93                           ; Clear objects allocated to COMRAM (32 bytes)
    94  007E3C  EE00  F001         	lfsr	0,__pbssCOMRAM
    95  007E40  0E20               	movlw	32
    96  007E42                     clear_0:
    97  007E42  6AEE               	clrf	postinc0,c
    98  007E44  06E8               	decf	wreg,f,c
    99  007E46  E1FD               	bnz	clear_0
   100  007E48                     end_of_initialization:
   101                           	opt callstack 0
   102  007E48                     __end_of__initialization:
   103                           	opt callstack 0
   104  007E48  0100               	movlb	0
   105  007E4A  EFC4  F03F         	goto	_main	;jump to C main() function
   106                           
   107                           	psect	bssCOMRAM
   108  000001                     __pbssCOMRAM:
   109                           	opt callstack 0
   110  000001                     _PasosActuales:
   111                           	opt callstack 0
   112  000001                     	ds	2
   113  000003                     _ons:
   114                           	opt callstack 0
   115  000003                     	ds	2
   116  000005                     _LedIsOn1:
   117                           	opt callstack 0
   118  000005                     	ds	2
   119  000007                     _LedIsOn2:
   120                           	opt callstack 0
   121  000007                     	ds	2
   122  000009                     _PasosActualesB:
   123                           	opt callstack 0
   124  000009                     	ds	2
   125  00000B                     _PasosActualesA:
   126                           	opt callstack 0
   127  00000B                     	ds	2
   128  00000D                     _pasosB:
   129                           	opt callstack 0
   130  00000D                     	ds	2
   131  00000F                     _pasosA:
   132                           	opt callstack 0
   133  00000F                     	ds	2
   134  000011                     _dirB:
   135                           	opt callstack 0
   136  000011                     	ds	2
   137  000013                     _dirA:
   138                           	opt callstack 0
   139  000013                     	ds	2
   140  000015                     _MovMotorB:
   141                           	opt callstack 0
   142  000015                     	ds	2
   143  000017                     _MovMotorA:
   144                           	opt callstack 0
   145  000017                     	ds	2
   146  000019                     _CoordNewX:
   147                           	opt callstack 0
   148  000019                     	ds	2
   149  00001B                     _CoordNewY:
   150                           	opt callstack 0
   151  00001B                     	ds	2
   152  00001D                     _CoordAntY:
   153                           	opt callstack 0
   154  00001D                     	ds	2
   155  00001F                     _CoordAntX:
   156                           	opt callstack 0
   157  00001F                     	ds	2
   158                           
   159                           	psect	cstackCOMRAM
   160  000021                     __pcstackCOMRAM:
   161                           	opt callstack 0
   162  000021                     ?_ContarPulsos:
   163                           	opt callstack 0
   164  000021                     ContarPulsos@pasos:
   165                           	opt callstack 0
   166                           
   167                           ; 2 bytes @ 0x0
   168  000021                     	ds	2
   169  000023                     ??_ContarPulsos:
   170                           
   171                           ; 1 bytes @ 0x2
   172  000023                     	ds	1
   173  000024                     ?_PWMx:
   174                           	opt callstack 0
   175  000024                     PWMx@distancia:
   176                           	opt callstack 0
   177                           
   178                           ; 2 bytes @ 0x3
   179  000024                     	ds	2
   180  000026                     PWMx@pasos:
   181                           	opt callstack 0
   182                           
   183                           ; 2 bytes @ 0x5
   184  000026                     	ds	2
   185  000028                     ??_main:
   186                           
   187                           ; 1 bytes @ 0x7
   188  000028                     	ds	2
   189                           
   190 ;;
   191 ;;Main: autosize = 0, tempsize = 2, incstack = 0, save=0
   192 ;;
   193 ;; *************** function _main *****************
   194 ;; Defined at:
   195 ;;		line 40 in file "PWMAppliedYa.c"
   196 ;; Parameters:    Size  Location     Type
   197 ;;		None
   198 ;; Auto vars:     Size  Location     Type
   199 ;;		None
   200 ;; Return value:  Size  Location     Type
   201 ;;                  1    wreg      void 
   202 ;; Registers used:
   203 ;;		wreg, status,2, status,0, cstack
   204 ;; Tracked objects:
   205 ;;		On entry : 0/0
   206 ;;		On exit  : 0/0
   207 ;;		Unchanged: 0/0
   208 ;; Data sizes:     COMRAM   BANK0   BANK1   BANK2   BANK3   BANK4   BANK5   BANK6   BANK7
   209 ;;      Params:         0       0       0       0       0       0       0       0       0
   210 ;;      Locals:         0       0       0       0       0       0       0       0       0
   211 ;;      Temps:          2       0       0       0       0       0       0       0       0
   212 ;;      Totals:         2       0       0       0       0       0       0       0       0
   213 ;;Total ram usage:        2 bytes
   214 ;; Hardware stack levels required when called:    3
   215 ;; This function calls:
   216 ;;		_PWMx
   217 ;;		_SetUp
   218 ;; This function is called by:
   219 ;;		Startup code after reset
   220 ;; This function uses a non-reentrant model
   221 ;;
   222                           
   223                           	psect	text0
   224  007F88                     __ptext0:
   225                           	opt callstack 0
   226  007F88                     _main:
   227                           	opt callstack 28
   228  007F88                     
   229                           ;PWMAppliedYa.c: 41:     SetUp();
   230  007F88  EC55  F03F         	call	_SetUp	;wreg free
   231  007F8C                     
   232                           ;PWMAppliedYa.c: 42:     CoordRelatX=(200);
   233  007F8C  0E00               	movlw	0
   234  007F8E  6E2F               	movwf	(_CoordRelatX+1)^0,c
   235  007F90  0EC8               	movlw	200
   236  007F92  6E2E               	movwf	_CoordRelatX^0,c
   237  007F94                     
   238                           ;PWMAppliedYa.c: 43:     CoordRelatY=800;
   239  007F94  0E03               	movlw	3
   240  007F96  6E2D               	movwf	(_CoordRelatY+1)^0,c
   241  007F98  0E20               	movlw	32
   242  007F9A  6E2C               	movwf	_CoordRelatY^0,c
   243  007F9C                     
   244                           ;PWMAppliedYa.c: 44:     CoordAntX=0;
   245  007F9C  0E00               	movlw	0
   246  007F9E  6E20               	movwf	(_CoordAntX+1)^0,c
   247  007FA0  0E00               	movlw	0
   248  007FA2  6E1F               	movwf	_CoordAntX^0,c
   249  007FA4                     
   250                           ;PWMAppliedYa.c: 45:     CoordAntX=0;
   251  007FA4  0E00               	movlw	0
   252  007FA6  6E20               	movwf	(_CoordAntX+1)^0,c
   253  007FA8  0E00               	movlw	0
   254  007FAA  6E1F               	movwf	_CoordAntX^0,c
   255  007FAC                     
   256                           ;PWMAppliedYa.c: 48:     pasosRecorridos=PWMx(CoordRelatX);
   257  007FAC  0E00               	movlw	0
   258  007FAE  6E25               	movwf	(PWMx@distancia+1)^0,c
   259  007FB0  0EC8               	movlw	200
   260  007FB2  6E24               	movwf	PWMx@distancia^0,c
   261  007FB4  EC70  F03F         	call	_PWMx	;wreg free
   262  007FB8  C024  F02A         	movff	?_PWMx,_pasosRecorridos
   263  007FBC  C025  F02B         	movff	?_PWMx+1,_pasosRecorridos+1
   264  007FC0  501F               	movf	_CoordAntX^0,w,c
   265  007FC2  242A               	addwf	_pasosRecorridos^0,w,c
   266  007FC4  6E1F               	movwf	_CoordAntX^0,c
   267  007FC6  5020               	movf	(_CoordAntX+1)^0,w,c
   268  007FC8  202B               	addwfc	(_pasosRecorridos+1)^0,w,c
   269  007FCA  6E20               	movwf	(_CoordAntX+1)^0,c
   270  007FCC                     
   271                           ;PWMAppliedYa.c: 62:     if (CoordAntX==200) PORTCbits.RC0=1;
   272  007FCC  0EC8               	movlw	200
   273  007FCE  181F               	xorwf	_CoordAntX^0,w,c
   274  007FD0  1020               	iorwf	(_CoordAntX+1)^0,w,c
   275  007FD2  A4D8               	btfss	status,2,c
   276  007FD4  EFEE  F03F         	goto	u151
   277  007FD8  EFF0  F03F         	goto	u150
   278  007FDC                     u151:
   279  007FDC  EFF1  F03F         	goto	l938
   280  007FE0                     u150:
   281  007FE0  8082               	bsf	130,0,c	;volatile
   282  007FE2                     l938:
   283                           
   284                           ;PWMAppliedYa.c: 63:     _delay((unsigned long)((350)*(4000000/4000.0)));
   285  007FE2  0E02               	movlw	2
   286  007FE4  6E29               	movwf	(??_main+1)^0,c
   287  007FE6  0EC7               	movlw	199
   288  007FE8  6E28               	movwf	??_main^0,c
   289  007FEA  0E88               	movlw	136
   290  007FEC                     u177:
   291  007FEC  2EE8               	decfsz	wreg,f,c
   292  007FEE  D7FE               	bra	u177
   293  007FF0  2E28               	decfsz	??_main^0,f,c
   294  007FF2  D7FC               	bra	u177
   295  007FF4  2E29               	decfsz	(??_main+1)^0,f,c
   296  007FF6  D7FA               	bra	u177
   297  007FF8  D000               	nop2	
   298  007FFA                     
   299                           ;PWMAppliedYa.c: 64:     PORTCbits.RC0=0;
   300  007FFA  9082               	bcf	130,0,c	;volatile
   301  007FFC  EF00  F000         	goto	start
   302  008000                     __end_of_main:
   303                           	opt callstack 0
   304                           
   305 ;; *************** function _SetUp *****************
   306 ;; Defined at:
   307 ;;		line 68 in file "PWMAppliedYa.c"
   308 ;; Parameters:    Size  Location     Type
   309 ;;		None
   310 ;; Auto vars:     Size  Location     Type
   311 ;;		None
   312 ;; Return value:  Size  Location     Type
   313 ;;                  1    wreg      void 
   314 ;; Registers used:
   315 ;;		wreg, status,2
   316 ;; Tracked objects:
   317 ;;		On entry : 0/0
   318 ;;		On exit  : 0/0
   319 ;;		Unchanged: 0/0
   320 ;; Data sizes:     COMRAM   BANK0   BANK1   BANK2   BANK3   BANK4   BANK5   BANK6   BANK7
   321 ;;      Params:         0       0       0       0       0       0       0       0       0
   322 ;;      Locals:         0       0       0       0       0       0       0       0       0
   323 ;;      Temps:          0       0       0       0       0       0       0       0       0
   324 ;;      Totals:         0       0       0       0       0       0       0       0       0
   325 ;;Total ram usage:        0 bytes
   326 ;; Hardware stack levels used:    1
   327 ;; This function calls:
   328 ;;		Nothing
   329 ;; This function is called by:
   330 ;;		_main
   331 ;; This function uses a non-reentrant model
   332 ;;
   333                           
   334                           	psect	text1
   335  007EAA                     __ptext1:
   336                           	opt callstack 0
   337  007EAA                     _SetUp:
   338                           	opt callstack 30
   339  007EAA                     
   340                           ;PWMAppliedYa.c: 71:    OSCCON = 0x60;
   341  007EAA  0E60               	movlw	96
   342  007EAC  6ED3               	movwf	211,c	;volatile
   343  007EAE                     
   344                           ;PWMAppliedYa.c: 75:    CMCON = 0xFF;
   345  007EAE  68B4               	setf	180,c	;volatile
   346  007EB0                     
   347                           ;PWMAppliedYa.c: 76:    CVRCONbits.CVREN = 0;
   348  007EB0  9EB5               	bcf	181,7,c	;volatile
   349                           
   350                           ;PWMAppliedYa.c: 77:    ADCON1 = 0x0F;
   351  007EB2  0E0F               	movlw	15
   352  007EB4  6EC1               	movwf	193,c	;volatile
   353  007EB6                     
   354                           ;PWMAppliedYa.c: 82:     TRISC1 = 0;
   355  007EB6  9294               	bcf	3988,1,c	;volatile
   356  007EB8                     
   357                           ;PWMAppliedYa.c: 83:     TRISC2 = 0;
   358  007EB8  9494               	bcf	3988,2,c	;volatile
   359                           
   360                           ;PWMAppliedYa.c: 85:     PR2 = 0xF9;
   361  007EBA  0EF9               	movlw	249
   362  007EBC  6ECB               	movwf	203,c	;volatile
   363                           
   364                           ;PWMAppliedYa.c: 88:     CCP1CON = 0x0C;
   365  007EBE  0E0C               	movlw	12
   366  007EC0  6EBD               	movwf	189,c	;volatile
   367                           
   368                           ;PWMAppliedYa.c: 89:     CCPR1L = 0x7D;
   369  007EC2  0E7D               	movlw	125
   370  007EC4  6EBE               	movwf	190,c	;volatile
   371                           
   372                           ;PWMAppliedYa.c: 92:     CCP2CON = 0x0C;
   373  007EC6  0E0C               	movlw	12
   374  007EC8  6EBA               	movwf	186,c	;volatile
   375                           
   376                           ;PWMAppliedYa.c: 93:     CCPR2L = 0x7D;
   377  007ECA  0E7D               	movlw	125
   378  007ECC  6EBB               	movwf	187,c	;volatile
   379                           
   380                           ;PWMAppliedYa.c: 96:     T2CON = 0x03;
   381  007ECE  0E03               	movlw	3
   382  007ED0  6ECA               	movwf	202,c	;volatile
   383                           
   384                           ;PWMAppliedYa.c: 97:     TMR2 = 0;
   385  007ED2  0E00               	movlw	0
   386  007ED4  6ECC               	movwf	204,c	;volatile
   387  007ED6                     
   388                           ;PWMAppliedYa.c: 98:     TMR2ON = 1;
   389  007ED6  84CA               	bsf	4042,2,c	;volatile
   390  007ED8                     
   391                           ;PWMAppliedYa.c: 103:     TRISCbits.RC6 = 0;
   392  007ED8  9C94               	bcf	148,6,c	;volatile
   393  007EDA                     
   394                           ;PWMAppliedYa.c: 104:     TRISCbits.RC7 = 0;
   395  007EDA  9E94               	bcf	148,7,c	;volatile
   396  007EDC                     
   397                           ;PWMAppliedYa.c: 105:     TRISCbits.RC0 = 0;
   398  007EDC  9094               	bcf	148,0,c	;volatile
   399  007EDE  0012               	return		;funcret
   400  007EE0                     __end_of_SetUp:
   401                           	opt callstack 0
   402                           
   403 ;; *************** function _PWMx *****************
   404 ;; Defined at:
   405 ;;		line 108 in file "PWMAppliedYa.c"
   406 ;; Parameters:    Size  Location     Type
   407 ;;  distancia       2    3[COMRAM] int 
   408 ;; Auto vars:     Size  Location     Type
   409 ;;  pasos           2    5[COMRAM] int 
   410 ;; Return value:  Size  Location     Type
   411 ;;                  2    3[COMRAM] int 
   412 ;; Registers used:
   413 ;;		wreg, status,2, status,0, cstack
   414 ;; Tracked objects:
   415 ;;		On entry : 0/0
   416 ;;		On exit  : 0/0
   417 ;;		Unchanged: 0/0
   418 ;; Data sizes:     COMRAM   BANK0   BANK1   BANK2   BANK3   BANK4   BANK5   BANK6   BANK7
   419 ;;      Params:         2       0       0       0       0       0       0       0       0
   420 ;;      Locals:         2       0       0       0       0       0       0       0       0
   421 ;;      Temps:          0       0       0       0       0       0       0       0       0
   422 ;;      Totals:         4       0       0       0       0       0       0       0       0
   423 ;;Total ram usage:        4 bytes
   424 ;; Hardware stack levels used:    1
   425 ;; Hardware stack levels required when called:    2
   426 ;; This function calls:
   427 ;;		_ContarPulsos
   428 ;; This function is called by:
   429 ;;		_main
   430 ;; This function uses a non-reentrant model
   431 ;;
   432                           
   433                           	psect	text2
   434  007EE0                     __ptext2:
   435                           	opt callstack 0
   436  007EE0                     _PWMx:
   437                           	opt callstack 28
   438  007EE0                     
   439                           ;PWMAppliedYa.c: 109:     if (distancia<0){
   440  007EE0  BE25               	btfsc	(PWMx@distancia+1)^0,7,c
   441  007EE2  EF77  F03F         	goto	u140
   442  007EE6  EF75  F03F         	goto	u141
   443  007EEA                     u141:
   444  007EEA  EF7F  F03F         	goto	l99
   445  007EEE                     u140:
   446  007EEE                     
   447                           ;PWMAppliedYa.c: 110:         PORTDbits.RD0=0;
   448  007EEE  9083               	bcf	131,0,c	;volatile
   449                           
   450                           ;PWMAppliedYa.c: 111:         PORTDbits.RD1=0;
   451  007EF0  9283               	bcf	131,1,c	;volatile
   452  007EF2                     
   453                           ;PWMAppliedYa.c: 112:         distancia=distancia*(-1);
   454  007EF2  6C24               	negf	PWMx@distancia^0,c
   455  007EF4  1E25               	comf	(PWMx@distancia+1)^0,f,c
   456  007EF6  B0D8               	btfsc	status,0,c
   457  007EF8  2A25               	incf	(PWMx@distancia+1)^0,f,c
   458                           
   459                           ;PWMAppliedYa.c: 113:     }
   460  007EFA  EF81  F03F         	goto	l910
   461  007EFE                     l99:
   462                           
   463                           ;PWMAppliedYa.c: 115:         PORTDbits.RD0=1;
   464  007EFE  8083               	bsf	131,0,c	;volatile
   465                           
   466                           ;PWMAppliedYa.c: 116:         PORTDbits.RD1=1;
   467  007F00  8283               	bsf	131,1,c	;volatile
   468  007F02                     l910:
   469                           
   470                           ;PWMAppliedYa.c: 118:     int pasos= ContarPulsos(distancia);
   471  007F02  C024  F021         	movff	PWMx@distancia,ContarPulsos@pasos
   472  007F06  C025  F022         	movff	PWMx@distancia+1,ContarPulsos@pasos+1
   473  007F0A  EC90  F03F         	call	_ContarPulsos	;wreg free
   474  007F0E  C021  F026         	movff	?_ContarPulsos,PWMx@pasos
   475  007F12  C022  F027         	movff	?_ContarPulsos+1,PWMx@pasos+1
   476  007F16                     
   477                           ;PWMAppliedYa.c: 119:     return(pasos);
   478  007F16  C026  F024         	movff	PWMx@pasos,?_PWMx
   479  007F1A  C027  F025         	movff	PWMx@pasos+1,?_PWMx+1
   480  007F1E  0012               	return		;funcret
   481  007F20                     __end_of_PWMx:
   482                           	opt callstack 0
   483                           
   484 ;; *************** function _ContarPulsos *****************
   485 ;; Defined at:
   486 ;;		line 135 in file "PWMAppliedYa.c"
   487 ;; Parameters:    Size  Location     Type
   488 ;;  pasos           2    0[COMRAM] int 
   489 ;; Auto vars:     Size  Location     Type
   490 ;;		None
   491 ;; Return value:  Size  Location     Type
   492 ;;                  2    0[COMRAM] int 
   493 ;; Registers used:
   494 ;;		wreg, status,2, status,0, cstack
   495 ;; Tracked objects:
   496 ;;		On entry : 0/0
   497 ;;		On exit  : 0/0
   498 ;;		Unchanged: 0/0
   499 ;; Data sizes:     COMRAM   BANK0   BANK1   BANK2   BANK3   BANK4   BANK5   BANK6   BANK7
   500 ;;      Params:         2       0       0       0       0       0       0       0       0
   501 ;;      Locals:         0       0       0       0       0       0       0       0       0
   502 ;;      Temps:          1       0       0       0       0       0       0       0       0
   503 ;;      Totals:         3       0       0       0       0       0       0       0       0
   504 ;;Total ram usage:        3 bytes
   505 ;; Hardware stack levels used:    1
   506 ;; Hardware stack levels required when called:    1
   507 ;; This function calls:
   508 ;;		_OneShot
   509 ;;		_ResetOneShot
   510 ;; This function is called by:
   511 ;;		_PWMx
   512 ;;		_PWMy
   513 ;; This function uses a non-reentrant model
   514 ;;
   515                           
   516                           	psect	text3
   517  007F20                     __ptext3:
   518                           	opt callstack 0
   519  007F20                     _ContarPulsos:
   520                           	opt callstack 28
   521  007F20                     
   522                           ;PWMAppliedYa.c: 136:     PasosActuales=0;
   523  007F20  0E00               	movlw	0
   524  007F22  6E02               	movwf	(_PasosActuales+1)^0,c
   525  007F24  0E00               	movlw	0
   526  007F26  6E01               	movwf	_PasosActuales^0,c
   527                           
   528                           ;PWMAppliedYa.c: 137:     ons=0;
   529  007F28  0E00               	movlw	0
   530  007F2A  6E04               	movwf	(_ons+1)^0,c
   531  007F2C  0E00               	movlw	0
   532  007F2E  6E03               	movwf	_ons^0,c
   533  007F30                     
   534                           ;PWMAppliedYa.c: 138:     PORTCbits.RC6=0;
   535  007F30  9C82               	bcf	130,6,c	;volatile
   536                           
   537                           ;PWMAppliedYa.c: 139:     while(PasosActuales<= pasos)
   538  007F32  EFAF  F03F         	goto	l902
   539  007F36                     l110:
   540                           
   541                           ;PWMAppliedYa.c: 140:     {;PWMAppliedYa.c: 141:         if (PORTCbits.CCP1==1) OneShot(
      +                          );
   542  007F36  A482               	btfss	130,2,c	;volatile
   543  007F38  EFA0  F03F         	goto	u111
   544  007F3C  EFA2  F03F         	goto	u110
   545  007F40                     u111:
   546  007F40  EFA4  F03F         	goto	l898
   547  007F44                     u110:
   548  007F44  EC3C  F03F         	call	_OneShot	;wreg free
   549  007F48                     l898:
   550                           
   551                           ;PWMAppliedYa.c: 142:         if(ons==1) ResetOneShot();
   552  007F48  0403               	decf	_ons^0,w,c
   553  007F4A  1004               	iorwf	(_ons+1)^0,w,c
   554  007F4C  A4D8               	btfss	status,2,c
   555  007F4E  EFAB  F03F         	goto	u121
   556  007F52  EFAD  F03F         	goto	u120
   557  007F56                     u121:
   558  007F56  EFAF  F03F         	goto	l902
   559  007F5A                     u120:
   560  007F5A  EC27  F03F         	call	_ResetOneShot	;wreg free
   561  007F5E                     l902:
   562                           
   563                           ;PWMAppliedYa.c: 139:     while(PasosActuales<= pasos)
   564  007F5E  5001               	movf	_PasosActuales^0,w,c
   565  007F60  5C21               	subwf	ContarPulsos@pasos^0,w,c
   566  007F62  5022               	movf	(ContarPulsos@pasos+1)^0,w,c
   567  007F64  0A80               	xorlw	128
   568  007F66  6E23               	movwf	??_ContarPulsos^0,c
   569  007F68  5002               	movf	(_PasosActuales+1)^0,w,c
   570  007F6A  0A80               	xorlw	128
   571  007F6C  5823               	subwfb	??_ContarPulsos^0,w,c
   572  007F6E  B0D8               	btfsc	status,0,c
   573  007F70  EFBC  F03F         	goto	u131
   574  007F74  EFBE  F03F         	goto	u130
   575  007F78                     u131:
   576  007F78  EF9B  F03F         	goto	l110
   577  007F7C                     u130:
   578  007F7C                     
   579                           ;PWMAppliedYa.c: 145:     PORTCbits.RC6=1;
   580  007F7C  8C82               	bsf	130,6,c	;volatile
   581                           
   582                           ;PWMAppliedYa.c: 146:     return(PasosActuales);
   583  007F7E  C001  F021         	movff	_PasosActuales,?_ContarPulsos
   584  007F82  C002  F022         	movff	_PasosActuales+1,?_ContarPulsos+1
   585  007F86  0012               	return		;funcret
   586  007F88                     __end_of_ContarPulsos:
   587                           	opt callstack 0
   588                           
   589 ;; *************** function _ResetOneShot *****************
   590 ;; Defined at:
   591 ;;		line 156 in file "PWMAppliedYa.c"
   592 ;; Parameters:    Size  Location     Type
   593 ;;		None
   594 ;; Auto vars:     Size  Location     Type
   595 ;;		None
   596 ;; Return value:  Size  Location     Type
   597 ;;                  1    wreg      void 
   598 ;; Registers used:
   599 ;;		wreg, status,2
   600 ;; Tracked objects:
   601 ;;		On entry : 0/0
   602 ;;		On exit  : 0/0
   603 ;;		Unchanged: 0/0
   604 ;; Data sizes:     COMRAM   BANK0   BANK1   BANK2   BANK3   BANK4   BANK5   BANK6   BANK7
   605 ;;      Params:         0       0       0       0       0       0       0       0       0
   606 ;;      Locals:         0       0       0       0       0       0       0       0       0
   607 ;;      Temps:          0       0       0       0       0       0       0       0       0
   608 ;;      Totals:         0       0       0       0       0       0       0       0       0
   609 ;;Total ram usage:        0 bytes
   610 ;; Hardware stack levels used:    1
   611 ;; This function calls:
   612 ;;		Nothing
   613 ;; This function is called by:
   614 ;;		_ContarPulsos
   615 ;; This function uses a non-reentrant model
   616 ;;
   617                           
   618                           	psect	text4
   619  007E4E                     __ptext4:
   620                           	opt callstack 0
   621  007E4E                     _ResetOneShot:
   622                           	opt callstack 28
   623  007E4E                     
   624                           ;PWMAppliedYa.c: 157:     if(PORTCbits.CCP1==1)return;
   625  007E4E  A482               	btfss	130,2,c	;volatile
   626  007E50  EF2C  F03F         	goto	u31
   627  007E54  EF2E  F03F         	goto	u30
   628  007E58                     u31:
   629  007E58  EF30  F03F         	goto	l122
   630  007E5C                     u30:
   631  007E5C  EF3B  F03F         	goto	l123
   632  007E60                     l122:
   633                           
   634                           ;PWMAppliedYa.c: 158:     if(PORTCbits.CCP1==0)ons=0;
   635  007E60  B482               	btfsc	130,2,c	;volatile
   636  007E62  EF35  F03F         	goto	u41
   637  007E66  EF37  F03F         	goto	u40
   638  007E6A                     u41:
   639  007E6A  EF3B  F03F         	goto	l123
   640  007E6E                     u40:
   641  007E6E  0E00               	movlw	0
   642  007E70  6E04               	movwf	(_ons+1)^0,c
   643  007E72  0E00               	movlw	0
   644  007E74  6E03               	movwf	_ons^0,c
   645  007E76                     l123:
   646  007E76  0012               	return		;funcret
   647  007E78                     __end_of_ResetOneShot:
   648                           	opt callstack 0
   649                           
   650 ;; *************** function _OneShot *****************
   651 ;; Defined at:
   652 ;;		line 148 in file "PWMAppliedYa.c"
   653 ;; Parameters:    Size  Location     Type
   654 ;;		None
   655 ;; Auto vars:     Size  Location     Type
   656 ;;		None
   657 ;; Return value:  Size  Location     Type
   658 ;;                  1    wreg      void 
   659 ;; Registers used:
   660 ;;		wreg, status,2, status,0
   661 ;; Tracked objects:
   662 ;;		On entry : 0/0
   663 ;;		On exit  : 0/0
   664 ;;		Unchanged: 0/0
   665 ;; Data sizes:     COMRAM   BANK0   BANK1   BANK2   BANK3   BANK4   BANK5   BANK6   BANK7
   666 ;;      Params:         0       0       0       0       0       0       0       0       0
   667 ;;      Locals:         0       0       0       0       0       0       0       0       0
   668 ;;      Temps:          0       0       0       0       0       0       0       0       0
   669 ;;      Totals:         0       0       0       0       0       0       0       0       0
   670 ;;Total ram usage:        0 bytes
   671 ;; Hardware stack levels used:    1
   672 ;; This function calls:
   673 ;;		Nothing
   674 ;; This function is called by:
   675 ;;		_ContarPulsos
   676 ;; This function uses a non-reentrant model
   677 ;;
   678                           
   679                           	psect	text5
   680  007E78                     __ptext5:
   681                           	opt callstack 0
   682  007E78                     _OneShot:
   683                           	opt callstack 28
   684  007E78                     
   685                           ;PWMAppliedYa.c: 149:     if(ons==1) return;
   686  007E78  0403               	decf	_ons^0,w,c
   687  007E7A  1004               	iorwf	(_ons+1)^0,w,c
   688  007E7C  A4D8               	btfss	status,2,c
   689  007E7E  EF43  F03F         	goto	u11
   690  007E82  EF45  F03F         	goto	u10
   691  007E86                     u11:
   692  007E86  EF47  F03F         	goto	l117
   693  007E8A                     u10:
   694  007E8A  EF54  F03F         	goto	l118
   695  007E8E                     l117:
   696                           
   697                           ;PWMAppliedYa.c: 150:     if(PORTCbits.CCP1==1)
   698  007E8E  A482               	btfss	130,2,c	;volatile
   699  007E90  EF4C  F03F         	goto	u21
   700  007E94  EF4E  F03F         	goto	u20
   701  007E98                     u21:
   702  007E98  EF54  F03F         	goto	l118
   703  007E9C                     u20:
   704  007E9C                     
   705                           ;PWMAppliedYa.c: 151:     {;PWMAppliedYa.c: 152:         PasosActuales++;
   706  007E9C  4A01               	infsnz	_PasosActuales^0,f,c
   707  007E9E  2A02               	incf	(_PasosActuales+1)^0,f,c
   708  007EA0                     
   709                           ;PWMAppliedYa.c: 153:         ons=1;
   710  007EA0  0E00               	movlw	0
   711  007EA2  6E04               	movwf	(_ons+1)^0,c
   712  007EA4  0E01               	movlw	1
   713  007EA6  6E03               	movwf	_ons^0,c
   714  007EA8                     l118:
   715  007EA8  0012               	return		;funcret
   716  007EAA                     __end_of_OneShot:
   717                           	opt callstack 0
   718  0000                     
   719                           	psect	rparam
   720  0000                     tosu	equ	0xFFF
   721                           tosh	equ	0xFFE
   722                           tosl	equ	0xFFD
   723                           stkptr	equ	0xFFC
   724                           pclatu	equ	0xFFB
   725                           pclath	equ	0xFFA
   726                           pcl	equ	0xFF9
   727                           tblptru	equ	0xFF8
   728                           tblptrh	equ	0xFF7
   729                           tblptrl	equ	0xFF6
   730                           tablat	equ	0xFF5
   731                           prodh	equ	0xFF4
   732                           prodl	equ	0xFF3
   733                           indf0	equ	0xFEF
   734                           postinc0	equ	0xFEE
   735                           postdec0	equ	0xFED
   736                           preinc0	equ	0xFEC
   737                           plusw0	equ	0xFEB
   738                           fsr0h	equ	0xFEA
   739                           fsr0l	equ	0xFE9
   740                           wreg	equ	0xFE8
   741                           indf1	equ	0xFE7
   742                           postinc1	equ	0xFE6
   743                           postdec1	equ	0xFE5
   744                           preinc1	equ	0xFE4
   745                           plusw1	equ	0xFE3
   746                           fsr1h	equ	0xFE2
   747                           fsr1l	equ	0xFE1
   748                           bsr	equ	0xFE0
   749                           indf2	equ	0xFDF
   750                           postinc2	equ	0xFDE
   751                           postdec2	equ	0xFDD
   752                           preinc2	equ	0xFDC
   753                           plusw2	equ	0xFDB
   754                           fsr2h	equ	0xFDA
   755                           fsr2l	equ	0xFD9
   756                           status	equ	0xFD8


Data Sizes:
    Strings     0
    Constant    0
    Data        0
    BSS         32
    Persistent  6
    Stack       0

Auto Spaces:
    Space          Size  Autos    Used
    COMRAM           95      9      47
    BANK0           160      0       0
    BANK1           256      0       0
    BANK2           256      0       0
    BANK3           256      0       0
    BANK4           256      0       0
    BANK5           256      0       0
    BANK6           256      0       0
    BANK7           256      0       0

Pointer List with Targets:

    None.

Critical Paths under _main in COMRAM

    _main->_PWMx
    _PWMx->_ContarPulsos

Critical Paths under _main in BANK0

    None.

Critical Paths under _main in BANK1

    None.

Critical Paths under _main in BANK2

    None.

Critical Paths under _main in BANK3

    None.

Critical Paths under _main in BANK4

    None.

Critical Paths under _main in BANK5

    None.

Critical Paths under _main in BANK6

    None.

Critical Paths under _main in BANK7

    None.

Call Graph Tables:

 ---------------------------------------------------------------------------------
 (Depth) Function   	        Calls       Base Space   Used Autos Params    Refs
 ---------------------------------------------------------------------------------
 (0) _main                                                 2     2      0     340
                                              7 COMRAM     2     2      0
                               _PWMx
                              _SetUp
 ---------------------------------------------------------------------------------
 (1) _SetUp                                                0     0      0       0
 ---------------------------------------------------------------------------------
 (1) _PWMx                                                 4     2      2     340
                                              3 COMRAM     4     2      2
                       _ContarPulsos
 ---------------------------------------------------------------------------------
 (2) _ContarPulsos                                         3     1      2     174
                                              0 COMRAM     3     1      2
                            _OneShot
                       _ResetOneShot
 ---------------------------------------------------------------------------------
 (3) _ResetOneShot                                         0     0      0       0
 ---------------------------------------------------------------------------------
 (3) _OneShot                                              0     0      0       0
 ---------------------------------------------------------------------------------
 Estimated maximum stack depth 3
 ---------------------------------------------------------------------------------

 Call Graph Graphs:

 _main (ROOT)
   _PWMx
     _ContarPulsos
       _OneShot
       _ResetOneShot
   _SetUp

 Address spaces:
Name               Size   Autos  Total    Cost      Usage
BIGRAM             7FF      0       0      21        0.0%
EEDATA             100      0       0       0        0.0%
BITBANK7           100      0       0      18        0.0%
BANK7              100      0       0      19        0.0%
BITBANK6           100      0       0      16        0.0%
BANK6              100      0       0      17        0.0%
BITBANK5           100      0       0      14        0.0%
BANK5              100      0       0      15        0.0%
BITBANK4           100      0       0      12        0.0%
BANK4              100      0       0      13        0.0%
BITBANK3           100      0       0      10        0.0%
BANK3              100      0       0      11        0.0%
BITBANK2           100      0       0       8        0.0%
BANK2              100      0       0       9        0.0%
BITBANK1           100      0       0       6        0.0%
BANK1              100      0       0       7        0.0%
BITBANK0            A0      0       0       4        0.0%
BANK0               A0      0       0       5        0.0%
BITCOMRAM           5F      0       0       0        0.0%
COMRAM              5F      9      2F       1       49.5%
BITSFR               0      0       0     200        0.0%
SFR                  0      0       0     200        0.0%
STACK                0      0       0       2        0.0%
NULL                 0      0       0       0        0.0%
ABS                  0      0      2F      20        0.0%
DATA                 0      0      2F       3        0.0%
CODE                 0      0       0       0        0.0%


Microchip Technology PIC18 Macro Assembler V2.10 build 88905656 
Symbol Table                                                                                   Thu Nov 28 13:20:57 2019

                     l90 7FCC                       l93 7FFC                       l96 7EDE  
                     l99 7EFE                       u10 7E8A                       u11 7E86  
                     u20 7E9C                       u21 7E98                       u30 7E5C  
                     u31 7E58                       u40 7E6E                       u41 7E6A  
            __CFG_BOR$ON 000000              __CFG_BORV$3 000000             __CFG_CP0$OFF 000000  
           __CFG_CP1$OFF 000000             __CFG_CP2$OFF 000000             __CFG_CP3$OFF 000000  
                    l101 7F1E                      l110 7F36                      l113 7F7C  
                    l122 7E60                      l114 7F86                      l123 7E76  
                    l117 7E8E                      l118 7EA8                      l800 7E78  
                    l804 7E9C                      l812 7E6E                      l900 7F5A  
                    l806 7EA0                      l902 7F5E                      l910 7F02  
                    l830 7EB0                      l808 7E4E                      l912 7F16  
                    l904 7EE0                      l840 7EDA                      l832 7EB6  
                    l920 7F94                      l906 7EEE                      l842 7EDC  
                    l834 7EB8                      l826 7EAA                      l922 7F9C  
                    l908 7EF2                      l836 7ED6                      l828 7EAE  
                    l940 7FFA                      l932 7FC0                      l924 7FA4  
                    l916 7F88                      l838 7ED8                      l934 7FC0  
                    l926 7FAC                      l918 7F8C                      l936 7FE0  
                    l938 7FE2                      l892 7F20                      l894 7F30  
                    l896 7F44                      l898 7F48             __CFG_CPB$OFF 000000  
                    u110 7F44                      u111 7F40                      u120 7F5A  
                    u121 7F56                      u130 7F7C                      u131 7F78  
                    u140 7EEE                      u141 7EEA                      u150 7FE0  
                    u151 7FDC                      _PR2 000FCB                      u177 7FEC  
           __CFG_CPD$OFF 000000           ??_ContarPulsos 0023                      _ons 0003  
                    wreg 000FE8             __CFG_LVP$OFF 000000             __CFG_WDT$OFF 000000  
                   _TMR2 000FCC                     _PWMx 7EE0                     _dirA 0013  
                   _dirB 0011                     _main 7F88                     start 0000  
          __CFG_IESO$OFF 000000             ___param_bank 000000          __end_of_OneShot 7EAA  
                  ?_PWMx 0024           __CFG_CCP2MX$ON 000000                    ?_main 0021  
                  _CMCON 000FB4                    _T2CON 000FCA            __CFG_PWRT$OFF 000000  
          __CFG_WRT0$OFF 000000            __CFG_WRT1$OFF 000000            __CFG_WRT2$OFF 000000  
          __CFG_WRT3$OFF 000000           __CFG_EBTR0$OFF 000000           __CFG_FCMEN$OFF 000000  
         __CFG_EBTR1$OFF 000000           __CFG_EBTR2$OFF 000000                    _SetUp 7EAA  
         __CFG_EBTR3$OFF 000000            __CFG_WRTB$OFF 000000            __CFG_WRTC$OFF 000000  
          __CFG_WRTD$OFF 000000           __CFG_EBTRB$OFF 000000                    status 000FD8  
         __CFG_ICPRT$OFF 000000           __CFG_PBADEN$ON 000000           __CFG_MCLRE$OFF 000000  
           __end_of_PWMx 7F20          __initialization 7E3C             __end_of_main 8000  
                 ??_PWMx 0026                   ??_main 0028            __activetblptr 000000  
                 ?_SetUp 0021                   _ADCON1 000FC1                   _CCPR1L 000FBE  
                 _CCPR2L 000FBB                   _OSCCON 000FD3                   _TMR2ON 007E52  
                 _TRISC1 007CA1                   _TRISC2 007CA2                ??_OneShot 0021  
   __end_of_ContarPulsos 7F88           __CFG_XINST$OFF 000000              _CoordRelatX 002E  
            _CoordRelatY 002C           __CFG_STVREN$ON 000000                   _pasosA 000F  
                 _pasosB 000D                   clear_0 7E42               __accesstop 0060  
__end_of__initialization 7E48            ___rparam_used 000001           __pcstackCOMRAM 0021  
          __end_of_SetUp 7EE0            ?_ResetOneShot 0021                  ??_SetUp 0021  
          _PasosActuales 0001               __pnvCOMRAM 002A                  _CCP1CON 000FBD  
                _CCP2CON 000FBA           ??_ResetOneShot 0021    __size_of_ContarPulsos 0068  
        __CFG_VREGEN$OFF 000000                  _OneShot 7E78                  __Hparam 0000  
                __Lparam 0000                  __pcinit 7E3C                  __ramtop 0800  
                __ptext0 7F88                  __ptext1 7EAA                  __ptext2 7EE0  
                __ptext3 7F20                  __ptext4 7E4E                  __ptext5 7E78  
              PWMx@pasos 0026             _ContarPulsos 7F20     end_of_initialization 7E48  
                postinc0 000FEE                _PORTCbits 000F82                _PORTDbits 000F83  
              _TRISCbits 000F94     __end_of_ResetOneShot 7E78                _CoordAntX 001F  
              _CoordAntY 001D                _CoordNewX 0019                _CoordNewY 001B  
    start_initialization 7E3C                _MovMotorA 0017                _MovMotorB 0015  
         _PasosActualesA 000B           _PasosActualesB 0009         __CFG_LPT1OSC$OFF 000000  
            __pbssCOMRAM 0001                 ?_OneShot 0021           __size_of_SetUp 0036  
  __size_of_ResetOneShot 002A         __CFG_WDTPS$32768 000000             _ResetOneShot 7E4E  
               _LedIsOn1 0005                 _LedIsOn2 0007            PWMx@distancia 0024  
               __Hrparam 0000         __size_of_OneShot 0032                 __Lrparam 0000  
      ContarPulsos@pasos 0021            __size_of_PWMx 0040            __size_of_main 0078  
             _CVRCONbits 000FB5      __CFG_FOSC$INTOSC_EC 000000            ?_ContarPulsos 0021  
        _pasosRecorridos 002A  
