

Microchip MPLAB XC8 Assembler V2.10 build 88905656 
                                                                                               Wed Nov 20 18:57:38 2019

Microchip MPLAB XC8 C Compiler v2.10 (Free license) build 20190730164152 Og1 
     1                           	processor	18F4550
     2                           	fnconf	rparam,??,?,0
     3                           	opt	pw 120
     4                           	opt	flic
     5                           	psect	cinit,global,reloc=2,class=CODE,delta=1
     6                           	psect	cstackCOMRAM,global,class=COMRAM,space=1,delta=1,noexec
     7                           	psect	text0,global,reloc=2,class=CODE,delta=1
     8                           	psect	intsave_regs,global,class=BIGRAM,space=1,delta=1,noexec
     9                           	psect	rparam,global,class=COMRAM,space=1,delta=1,noexec
    10  0000                     
    11                           ; Version 2.10
    12                           ; Generated 31/07/2019 GMT
    13                           ; 
    14                           ; Copyright © 2019, Microchip Technology Inc. and its subsidiaries ("Microchip")
    15                           ; All rights reserved.
    16                           ; 
    17                           ; This software is developed by Microchip Technology Inc. and its subsidiaries ("Microch
      +                          ip").
    18                           ; 
    19                           ; Redistribution and use in source and binary forms, with or without modification, are
    20                           ; permitted provided that the following conditions are met:
    21                           ; 
    22                           ;     1. Redistributions of source code must retain the above copyright notice, this lis
      +                          t of
    23                           ;        conditions and the following disclaimer.
    24                           ; 
    25                           ;     2. Redistributions in binary form must reproduce the above copyright notice, this 
      +                          list
    26                           ;        of conditions and the following disclaimer in the documentation and/or other
    27                           ;        materials provided with the distribution.
    28                           ; 
    29                           ;     3. Microchip's name may not be used to endorse or promote products derived from th
      +                          is
    30                           ;        software without specific prior written permission.
    31                           ; 
    32                           ; THIS SOFTWARE IS PROVIDED BY MICROCHIP "AS IS" AND ANY EXPRESS OR IMPLIED WARRANTIES,
    33                           ; INCLUDING, BUT NOT LIMITED TO, THE IMPLIED WARRANTIES OF MERCHANTABILITY AND FITNESS F
      +                          OR
    34                           ; PURPOSE ARE DISCLAIMED.  IN NO EVENT SHALL MICROCHIP BE LIABLE FOR ANY DIRECT, INDIREC
      +                          T,
    35                           ; INCIDENTAL, SPECIAL, EXEMPLARY, OR CONSEQUENTIAL DAMAGES (INCLUDING BUT NOT LIMITED TO
    36                           ; PROCUREMENT OF SUBSTITUTE GOODS OR SERVICES; LOSS OF USE, DATA OR PROFITS; OR BUSINESS
    37                           ; INTERRUPTION) HOWSOEVER CAUSED AND ON ANY THEORY OF LIABILITY, WHETHER IN CONTRACT, ST
      +                          RICT
    38                           ; LIABILITY, OR TORT (INCLUDING NEGLIGENCE OR OTHERWISE) ARISING IN ANY WAY OUT OF THE U
      +                          SE OF
    39                           ; THIS SOFTWARE, EVEN IF ADVISED OF THE POSSIBILITY OF SUCH DAMAGE.
    40                           ; 
    41                           ; 
    42                           ; Code-generator required, PIC18F4550 Definitions
    43                           ; 
    44                           ; SFR Addresses
    45  0000                     _TMR2	set	4044
    46  0000                     _T2CON	set	4042
    47  0000                     _CCPR2L	set	4027
    48  0000                     _CCP2CON	set	4026
    49  0000                     _CCPR1L	set	4030
    50  0000                     _CCP1CON	set	4029
    51  0000                     _PR2	set	4043
    52  0000                     _OSCCON	set	4051
    53  0000                     _ADCON1	set	4033
    54  0000                     _TMR2ON	set	32338
    55  0000                     _TRISC2	set	31906
    56  0000                     _TRISC1	set	31905
    57                           
    58                           ; #config settings
    59  0000                     
    60                           	psect	cinit
    61  007FC8                     __pcinit:
    62                           	opt callstack 0
    63  007FC8                     start_initialization:
    64                           	opt callstack 0
    65  007FC8                     __initialization:
    66                           	opt callstack 0
    67  007FC8                     end_of_initialization:
    68                           	opt callstack 0
    69  007FC8                     __end_of__initialization:
    70                           	opt callstack 0
    71  007FC8  0100               	movlb	0
    72  007FCA  EFE7  F03F         	goto	_main	;jump to C main() function
    73                           
    74                           	psect	cstackCOMRAM
    75  000000                     __pcstackCOMRAM:
    76                           	opt callstack 0
    77  000000                     
    78                           ; 1 bytes @ 0x0
    79 ;;
    80 ;;Main: autosize = 0, tempsize = 0, incstack = 0, save=0
    81 ;;
    82 ;; *************** function _main *****************
    83 ;; Defined at:
    84 ;;		line 23 in file "../../RepoSPARC/Curiosity_SPARC/SPARC/PWM/PWM-2Motores.c"
    85 ;; Parameters:    Size  Location     Type
    86 ;;		None
    87 ;; Auto vars:     Size  Location     Type
    88 ;;		None
    89 ;; Return value:  Size  Location     Type
    90 ;;                  1    wreg      void 
    91 ;; Registers used:
    92 ;;		wreg, status,2
    93 ;; Tracked objects:
    94 ;;		On entry : 0/0
    95 ;;		On exit  : 0/0
    96 ;;		Unchanged: 0/0
    97 ;; Data sizes:     COMRAM   BANK0   BANK1   BANK2   BANK3   BANK4   BANK5   BANK6   BANK7
    98 ;;      Params:         0       0       0       0       0       0       0       0       0
    99 ;;      Locals:         0       0       0       0       0       0       0       0       0
   100 ;;      Temps:          0       0       0       0       0       0       0       0       0
   101 ;;      Totals:         0       0       0       0       0       0       0       0       0
   102 ;;Total ram usage:        0 bytes
   103 ;; This function calls:
   104 ;;		Nothing
   105 ;; This function is called by:
   106 ;;		Startup code after reset
   107 ;; This function uses a non-reentrant model
   108 ;;
   109                           
   110                           	psect	text0
   111  007FCE                     __ptext0:
   112                           	opt callstack 0
   113  007FCE                     _main:
   114                           	opt callstack 31
   115  007FCE                     
   116                           ;../../RepoSPARC/Curiosity_SPARC/SPARC/PWM/PWM-2Motores.c: 25:     ADCON1=0x0F;
   117  007FCE  0E0F               	movlw	15
   118  007FD0  6EC1               	movwf	193,c	;volatile
   119                           
   120                           ;../../RepoSPARC/Curiosity_SPARC/SPARC/PWM/PWM-2Motores.c: 26:     OSCCON = 0x60;
   121  007FD2  0E60               	movlw	96
   122  007FD4  6ED3               	movwf	211,c	;volatile
   123  007FD6                     
   124                           ;../../RepoSPARC/Curiosity_SPARC/SPARC/PWM/PWM-2Motores.c: 27:     TRISC1 = 0;
   125  007FD6  9294               	bcf	3988,1,c	;volatile
   126  007FD8                     
   127                           ;../../RepoSPARC/Curiosity_SPARC/SPARC/PWM/PWM-2Motores.c: 28:     TRISC2 = 0;
   128  007FD8  9494               	bcf	3988,2,c	;volatile
   129                           
   130                           ;../../RepoSPARC/Curiosity_SPARC/SPARC/PWM/PWM-2Motores.c: 29:     PR2 = 0x07;
   131  007FDA  0E07               	movlw	7
   132  007FDC  6ECB               	movwf	203,c	;volatile
   133                           
   134                           ;../../RepoSPARC/Curiosity_SPARC/SPARC/PWM/PWM-2Motores.c: 32:     CCP1CON = 0x0C;
   135  007FDE  0E0C               	movlw	12
   136  007FE0  6EBD               	movwf	189,c	;volatile
   137                           
   138                           ;../../RepoSPARC/Curiosity_SPARC/SPARC/PWM/PWM-2Motores.c: 33:     CCPR1L = 0x04;
   139  007FE2  0E04               	movlw	4
   140  007FE4  6EBE               	movwf	190,c	;volatile
   141                           
   142                           ;../../RepoSPARC/Curiosity_SPARC/SPARC/PWM/PWM-2Motores.c: 36:     CCP2CON = 0x0C;
   143  007FE6  0E0C               	movlw	12
   144  007FE8  6EBA               	movwf	186,c	;volatile
   145                           
   146                           ;../../RepoSPARC/Curiosity_SPARC/SPARC/PWM/PWM-2Motores.c: 37:     CCPR2L = 0x04;
   147  007FEA  0E04               	movlw	4
   148  007FEC  6EBB               	movwf	187,c	;volatile
   149                           
   150                           ;../../RepoSPARC/Curiosity_SPARC/SPARC/PWM/PWM-2Motores.c: 40:     T2CON = 0x03;
   151  007FEE  0E03               	movlw	3
   152  007FF0  6ECA               	movwf	202,c	;volatile
   153                           
   154                           ;../../RepoSPARC/Curiosity_SPARC/SPARC/PWM/PWM-2Motores.c: 41:     TMR2 = 0;
   155  007FF2  0E00               	movlw	0
   156  007FF4  6ECC               	movwf	204,c	;volatile
   157  007FF6                     
   158                           ;../../RepoSPARC/Curiosity_SPARC/SPARC/PWM/PWM-2Motores.c: 42:     TMR2ON = 1;
   159  007FF6  84CA               	bsf	4042,2,c	;volatile
   160  007FF8                     l29:
   161  007FF8  EFFC  F03F         	goto	l29
   162  007FFC  EF00  F000         	goto	start
   163  008000                     __end_of_main:
   164                           	opt callstack 0
   165  0000                     
   166                           	psect	rparam
   167  0000                     tosu	equ	0xFFF
   168                           tosh	equ	0xFFE
   169                           tosl	equ	0xFFD
   170                           stkptr	equ	0xFFC
   171                           pclatu	equ	0xFFB
   172                           pclath	equ	0xFFA
   173                           pcl	equ	0xFF9
   174                           tblptru	equ	0xFF8
   175                           tblptrh	equ	0xFF7
   176                           tblptrl	equ	0xFF6
   177                           tablat	equ	0xFF5
   178                           prodh	equ	0xFF4
   179                           prodl	equ	0xFF3
   180                           indf0	equ	0xFEF
   181                           postinc0	equ	0xFEE
   182                           postdec0	equ	0xFED
   183                           preinc0	equ	0xFEC
   184                           plusw0	equ	0xFEB
   185                           fsr0h	equ	0xFEA
   186                           fsr0l	equ	0xFE9
   187                           wreg	equ	0xFE8
   188                           indf1	equ	0xFE7
   189                           postinc1	equ	0xFE6
   190                           postdec1	equ	0xFE5
   191                           preinc1	equ	0xFE4
   192                           plusw1	equ	0xFE3
   193                           fsr1h	equ	0xFE2
   194                           fsr1l	equ	0xFE1
   195                           bsr	equ	0xFE0
   196                           indf2	equ	0xFDF
   197                           postinc2	equ	0xFDE
   198                           postdec2	equ	0xFDD
   199                           preinc2	equ	0xFDC
   200                           plusw2	equ	0xFDB
   201                           fsr2h	equ	0xFDA
   202                           fsr2l	equ	0xFD9
   203                           status	equ	0xFD8


Data Sizes:
    Strings     0
    Constant    0
    Data        0
    BSS         0
    Persistent  0
    Stack       0

Auto Spaces:
    Space          Size  Autos    Used
    COMRAM           95      0       0
    BANK0           160      0       0
    BANK1           256      0       0
    BANK2           256      0       0
    BANK3           256      0       0
    BANK4           256      0       0
    BANK5           256      0       0
    BANK6           256      0       0
    BANK7           256      0       0

Pointer List with Targets:

    None.

Critical Paths under _main in COMRAM

    None.

Critical Paths under _main in BANK0

    None.

Critical Paths under _main in BANK1

    None.

Critical Paths under _main in BANK2

    None.

Critical Paths under _main in BANK3

    None.

Critical Paths under _main in BANK4

    None.

Critical Paths under _main in BANK5

    None.

Critical Paths under _main in BANK6

    None.

Critical Paths under _main in BANK7

    None.

Call Graph Tables:

 ---------------------------------------------------------------------------------
 (Depth) Function   	        Calls       Base Space   Used Autos Params    Refs
 ---------------------------------------------------------------------------------
 (0) _main                                                 0     0      0       0
 ---------------------------------------------------------------------------------
 Estimated maximum stack depth 0
 ---------------------------------------------------------------------------------

 Call Graph Graphs:

 _main (ROOT)

 Address spaces:
Name               Size   Autos  Total    Cost      Usage
BITCOMRAM           5F      0       0       0        0.0%
EEDATA             100      0       0       0        0.0%
NULL                 0      0       0       0        0.0%
CODE                 0      0       0       0        0.0%
COMRAM              5F      0       0       1        0.0%
STACK                0      0       0       2        0.0%
DATA                 0      0       0       3        0.0%
BITBANK0            A0      0       0       4        0.0%
BANK0               A0      0       0       5        0.0%
BITBANK1           100      0       0       6        0.0%
BANK1              100      0       0       7        0.0%
BITBANK2           100      0       0       8        0.0%
BANK2              100      0       0       9        0.0%
BITBANK3           100      0       0      10        0.0%
BANK3              100      0       0      11        0.0%
BITBANK4           100      0       0      12        0.0%
BANK4              100      0       0      13        0.0%
BITBANK5           100      0       0      14        0.0%
BANK5              100      0       0      15        0.0%
BITBANK6           100      0       0      16        0.0%
BANK6              100      0       0      17        0.0%
BITBANK7           100      0       0      18        0.0%
BANK7              100      0       0      19        0.0%
ABS                  0      0       0      20        0.0%
BIGRAM             7FF      0       0      21        0.0%
BITSFR               0      0       0     200        0.0%
SFR                  0      0       0     200        0.0%


Microchip Technology PIC18 Macro Assembler V2.10 build 88905656 
Symbol Table                                                                                   Wed Nov 20 18:57:38 2019

                     l30 7FF8                       l29 7FF8              __CFG_BOR$ON 000000  
            __CFG_BORV$3 000000             __CFG_CP0$OFF 000000             __CFG_CP1$OFF 000000  
           __CFG_CP2$OFF 000000             __CFG_CP3$OFF 000000                      l710 7FD6  
                    l712 7FD8                      l714 7FF6                      l708 7FCE  
           __CFG_CPB$OFF 000000                      _PR2 000FCB             __CFG_CPD$OFF 000000  
           __CFG_LVP$OFF 000000             __CFG_WDT$OFF 000000                     _TMR2 000FCC  
                   _main 7FCE                     start 0000            __CFG_IESO$OFF 000000  
           ___param_bank 000000           __CFG_CCP2MX$ON 000000                    ?_main 0000  
                  _T2CON 000FCA            __CFG_PWRT$OFF 000000            __CFG_WRT0$OFF 000000  
          __CFG_WRT1$OFF 000000            __CFG_WRT2$OFF 000000            __CFG_WRT3$OFF 000000  
         __CFG_EBTR0$OFF 000000           __CFG_FCMEN$OFF 000000           __CFG_EBTR1$OFF 000000  
         __CFG_EBTR2$OFF 000000           __CFG_EBTR3$OFF 000000            __CFG_WRTB$OFF 000000  
          __CFG_WRTC$OFF 000000            __CFG_WRTD$OFF 000000           __CFG_EBTRB$OFF 000000  
         __CFG_ICPRT$OFF 000000           __CFG_PBADEN$ON 000000           __CFG_MCLRE$OFF 000000  
        __initialization 7FC8             __end_of_main 8000                   ??_main 0000  
          __activetblptr 000000                   _ADCON1 000FC1                   _CCPR1L 000FBE  
                 _CCPR2L 000FBB                   _OSCCON 000FD3                   _TMR2ON 007E52  
                 _TRISC1 007CA1                   _TRISC2 007CA2           __CFG_XINST$OFF 000000  
         __CFG_STVREN$ON 000000               __accesstop 0060  __end_of__initialization 7FC8  
          ___rparam_used 000001           __pcstackCOMRAM 0000                  _CCP1CON 000FBD  
                _CCP2CON 000FBA          __CFG_VREGEN$OFF 000000                  __Hparam 0000  
                __Lparam 0000                  __pcinit 7FC8                  __ramtop 0800  
                __ptext0 7FCE     end_of_initialization 7FC8      start_initialization 7FC8  
       __CFG_LPT1OSC$OFF 000000         __CFG_WDTPS$32768 000000                 __Hrparam 0000  
               __Lrparam 0000            __size_of_main 0032      __CFG_FOSC$INTOSC_EC 000000  
